#BIND_OUTPUT version: 3.0

#JOB_TITLE: diamond

; ********* Atoms within the unit cell:  *********
# NUMBER OF ATOMS: 
	2
# Crystallographic coordinates of atoms:
   1    C  0.000000  0.000000  0.000000
   2    C  0.250000  0.250000  0.250000


# ******** Extended Hueckel Parameters ********
;  FORMAT  quantum number orbital: Hii, <c1>, exponent1, <c2>, <exponent2>

ATOM: C   Atomic number: 6  # Valence Electrons: 4
	2S:   -21.4000     1.7100
	2P:   -11.4000     1.6250
# CRYSTAL SPECIFICATION:
#Cell Constants: 
3.5700 3.5700 3.5700 
# alpha:  90.0000
# beta:  90.0000
# gamma:  90.0000
#Cell Volume: 45.4993 cubic Angstroms
# Positions of atoms from crystal coordinates
   1    C   0.0000   0.0000   0.0000
   2    C   0.8925   0.8925   0.8925

; Number of orbitals
#Num_Orbitals: 8

; ------  Lattice Parameters ------
#Dimensionality: 3
#Lattice Vectors
(a) 1.785000 1.785000 0.000000
(b) 0.000000 1.785000 1.785000
(c) 1.785000 0.000000 1.785000


;****** DISTANCE MATRIX *********

               C(   1)     C(   2)  
   C(   1)     0.0000   
   C(   2)     1.5459      0.0000   
# Inter-Cell distances less than 2.5000 Angstroms:
Atom: 2  Atom: 1 in cell (1 0 0)  Distance 1.5459 A
Atom: 2  Atom: 1 in cell (0 1 0)  Distance 1.5459 A
Atom: 2  Atom: 1 in cell (0 0 1)  Distance 1.5459 A


; RHO = 15.156227
;***& Kpoint: 1 (0.0000 0.0000 0.0000) Weight: 1.000000
;		 --- Overlap Matrix S(K) ---
                    C(  1) 2s         C(  1) 2px         C(  1) 2py     
 C(  1) 2s           1.7427             0.0000             0.0000           
 C(  1) 2px          0.0000             0.6792             0.0000           
 C(  1) 2py          0.0000             0.0000             0.6792           
 C(  1) 2pz          0.0000             0.0000             0.0000           
 C(  2) 2s           0.0000             0.0000             0.0000           
 C(  2) 2px          0.0000             0.0000             0.0000           
 C(  2) 2py          0.0000             0.0000             0.0000           
 C(  2) 2pz          0.0000             0.0000             0.0000           
                   C(  1) 2pz          C(  2) 2s         C(  2) 2px     
 C(  1) 2s           0.0000             1.5407             0.0000           
 C(  1) 2px          0.0000             0.0000            -0.1290           
 C(  1) 2py          0.0000             0.0000             0.0000           
 C(  1) 2pz          0.6792             0.0000             0.0000           
 C(  2) 2s           0.0000             1.7427             0.0000           
 C(  2) 2px          0.0000             0.0000             0.6792           
 C(  2) 2py          0.0000             0.0000             0.0000           
 C(  2) 2pz          0.0000             0.0000             0.0000           
                   C(  2) 2py         C(  2) 2pz     
 C(  1) 2s           0.0000             0.0000           
 C(  1) 2px          0.0000             0.0000           
 C(  1) 2py         -0.1290             0.0000           
 C(  1) 2pz          0.0000            -0.1290           
 C(  2) 2s           0.0000             0.0000           
 C(  2) 2px          0.0000             0.0000           
 C(  2) 2py          0.6792             0.0000           
 C(  2) 2pz          0.0000             0.6792           


;		 --- Hamiltonian H(K) ---
                    C(  1) 2s         C(  1) 2px         C(  1) 2py     
 C(  1) 2s          -49.2150            0.0000             0.0000           
 C(  1) 2px          0.0000            -4.9996             0.0000           
 C(  1) 2py          0.0000             0.0000            -4.9996           
 C(  1) 2pz          0.0000             0.0000             0.0000           
 C(  2) 2s           0.0000             0.0000             0.0000           
 C(  2) 2px          0.0000             0.0000             0.0000           
 C(  2) 2py          0.0000             0.0000             0.0000           
 C(  2) 2pz          0.0000             0.0000             0.0000           
                   C(  1) 2pz          C(  2) 2s         C(  2) 2px     
 C(  1) 2s           0.0000            -57.6999            0.0000           
 C(  1) 2px          0.0000             0.0000             2.5733           
 C(  1) 2py          0.0000             0.0000             0.0000           
 C(  1) 2pz         -4.9996             0.0000             0.0000           
 C(  2) 2s           0.0000            -49.2150            0.0000           
 C(  2) 2px          0.0000             0.0000            -4.9996           
 C(  2) 2py          0.0000             0.0000             0.0000           
 C(  2) 2pz          0.0000             0.0000             0.0000           
                   C(  2) 2py         C(  2) 2pz     
 C(  1) 2s           0.0000             0.0000           
 C(  1) 2px          0.0000             0.0000           
 C(  1) 2py          2.5733             0.0000           
 C(  1) 2pz          0.0000             2.5733           
 C(  2) 2s           0.0000             0.0000           
 C(  2) 2px          0.0000             0.0000           
 C(  2) 2py         -4.9996             0.0000           
 C(  2) 2pz          0.0000            -4.9996           


;	*** Wavefunctions ***  (AO's in rows, MO's in columns, energies INCREASE to the right)
;	***> REAL:
                       1                  2                  3          
 C(  1) 2s           0.3902             0.0000             0.0000           
 C(  1) 2px          0.0000             0.4541            -0.3540           
 C(  1) 2py          0.0000             0.4541             0.6411           
 C(  1) 2pz          0.0000             0.4541            -0.2871           
 C(  2) 2s           0.3902             0.0000             0.0000           
 C(  2) 2px          0.0000            -0.4541             0.3540           
 C(  2) 2py          0.0000            -0.4541            -0.6411           
 C(  2) 2pz          0.0000            -0.4541             0.2871           
                       4                  5                  6          
 C(  1) 2s           0.0000             0.0000             0.0000           
 C(  1) 2px          0.5358             0.6413            -0.4411           
 C(  1) 2py          0.0387            -0.7026            -0.3349           
 C(  1) 2pz         -0.5745             0.0613             0.7759           
 C(  2) 2s           0.0000             0.0000             0.0000           
 C(  2) 2px         -0.5358             0.6413            -0.4411           
 C(  2) 2py         -0.0387            -0.7026            -0.3349           
 C(  2) 2pz          0.5745             0.0613             0.7759           
                       7                  8          
 C(  1) 2s           0.0000             1.5733           
 C(  1) 2px          0.5504             0.0000           
 C(  1) 2py          0.5504             0.0000           
 C(  1) 2pz          0.5504             0.0000           
 C(  2) 2s           0.0000            -1.5733           
 C(  2) 2px          0.5504             0.0000           
 C(  2) 2py          0.5504             0.0000           
 C(  2) 2pz          0.5504             0.0000           


;	***> IMAGINARY:
                       1                  2                  3          
 C(  1) 2s           0.0000             0.0000             0.0000           
 C(  1) 2px          0.0000             0.0000             0.0000           
 C(  1) 2py          0.0000             0.0000             0.0000           
 C(  1) 2pz          0.0000             0.0000             0.0000           
 C(  2) 2s           0.0000             0.0000             0.0000           
 C(  2) 2px          0.0000             0.0000             0.0000           
 C(  2) 2py          0.0000             0.0000             0.0000           
 C(  2) 2pz          0.0000             0.0000             0.0000           
                       4                  5                  6          
 C(  1) 2s           0.0000             0.0000             0.0000           
 C(  1) 2px          0.0000             0.0000             0.0000           
 C(  1) 2py          0.0000             0.0000             0.0000           
 C(  1) 2pz          0.0000             0.0000             0.0000           
 C(  2) 2s           0.0000             0.0000             0.0000           
 C(  2) 2px          0.0000             0.0000             0.0000           
 C(  2) 2py          0.0000             0.0000             0.0000           
 C(  2) 2pz          0.0000             0.0000             0.0000           
                       7                  8          
 C(  1) 2s           0.0000             0.0000           
 C(  1) 2px          0.0000             0.0000           
 C(  1) 2py          0.0000             0.0000           
 C(  1) 2pz          0.0000             0.0000           
 C(  2) 2s           0.0000             0.0000           
 C(  2) 2px          0.0000             0.0000           
 C(  2) 2py          0.0000             0.0000           
 C(  2) 2pz          0.0000             0.0000           


; >>>>> The HOMO was found to be 3-fold degenerate.

#	******* Energies (in eV)  and Occupation Numbers *******
1:--->  -32.5618  [2.000 Electrons]
2:--->  -9.37051  [2.000 Electrons]
3:--->  -9.37051  [2.000 Electrons]
4:--->  -9.37051  [2.000 Electrons]
5:--->  -4.40998  [0.000 Electrons]
6:--->  -4.40998  [0.000 Electrons]
7:--->  -4.40998  [0.000 Electrons]
8:--->    42.003  [0.000 Electrons]
Total_Energy: -121.347


; 		q-q-q-q-q-q-q-q  Charge Matrix q-q-q-q-q-q-q-q
;  Complete Charge Matrix Independant of Occupation
                       1                  2                  3          
 C(  1) 2s           0.5000             0.0000             0.0000           
 C(  1) 2px          0.0000             0.1667             0.1013           
 C(  1) 2py          0.0000             0.1667             0.3321           
 C(  1) 2pz          0.0000             0.1667             0.0666           
 C(  2) 2s           0.5000             0.0000             0.0000           
 C(  2) 2px          0.0000             0.1667             0.1013           
 C(  2) 2py          0.0000             0.1667             0.3321           
 C(  2) 2pz          0.0000             0.1667             0.0666           
                       4                  5                  6          
 C(  1) 2s           0.0000             0.0000             0.0000           
 C(  1) 2px          0.2321             0.2263             0.1070           
 C(  1) 2py          0.0012             0.2716             0.0617           
 C(  1) 2pz          0.2667             0.0021             0.3313           
 C(  2) 2s           0.0000             0.0000             0.0000           
 C(  2) 2px          0.2321             0.2263             0.1070           
 C(  2) 2py          0.0012             0.2716             0.0617           
 C(  2) 2pz          0.2667             0.0021             0.3313           
                       7                  8          
 C(  1) 2s           0.0000             0.5000           
 C(  1) 2px          0.1667             0.0000           
 C(  1) 2py          0.1667             0.0000           
 C(  1) 2pz          0.1667             0.0000           
 C(  2) 2s           0.0000             0.5000           
 C(  2) 2px          0.1667             0.0000           
 C(  2) 2py          0.1667             0.0000           
 C(  2) 2pz          0.1667             0.0000           


;***& Kpoint: 2 (0.5000 0.0000 0.5000) Weight: 1.000000
;		 --- Overlap Matrix S(K) ---
                    C(  1) 2s         C(  1) 2px         C(  1) 2py     
 C(  1) 2s           0.8051             0.0000             0.0000           
 C(  1) 2px          0.0000             1.4426             0.0000           
 C(  1) 2py          0.0000             0.0000             0.8776           
 C(  1) 2pz          0.0000             0.0000             0.0000           
 C(  2) 2s           0.0000             0.0000             0.0000           
 C(  2) 2px          0.0000             0.0000             0.0000           
 C(  2) 2py          0.0000             0.0000             0.0000           
 C(  2) 2pz          0.0000             0.0000             0.0000           
                   C(  1) 2pz          C(  2) 2s         C(  2) 2px     
 C(  1) 2s           0.0000             0.0000            -0.7594           
 C(  1) 2px          0.0000             0.7594             0.0000           
 C(  1) 2py          0.0000             0.0000             0.0000           
 C(  1) 2pz          0.8776             0.0000             0.0000           
 C(  2) 2s           0.0000             0.8051             0.0000           
 C(  2) 2px          0.0000             0.0000             1.4426           
 C(  2) 2py          0.0000             0.0000             0.0000           
 C(  2) 2pz          0.0000             0.0000             0.0000           
                   C(  2) 2py         C(  2) 2pz     
 C(  1) 2s           0.0000             0.0000           
 C(  1) 2px          0.0000             0.0000           
 C(  1) 2py          0.0000            -0.5757           
 C(  1) 2pz         -0.5757             0.0000           
 C(  2) 2s           0.0000             0.0000           
 C(  2) 2px          0.0000             0.0000           
 C(  2) 2py          0.8776             0.0000           
 C(  2) 2pz          0.0000             0.8776           


;		 --- Hamiltonian H(K) ---
                    C(  1) 2s         C(  1) 2px         C(  1) 2py     
 C(  1) 2s          -14.1024            0.0000             0.0000           
 C(  1) 2px          0.0000            -20.2297            0.0000           
 C(  1) 2py          0.0000             0.0000            -8.9582           
 C(  1) 2pz          0.0000             0.0000             0.0000           
 C(  2) 2s           0.0000             0.0000             0.0000           
 C(  2) 2px          0.0000             0.0000             0.0000           
 C(  2) 2py          0.0000             0.0000             0.0000           
 C(  2) 2pz          0.0000             0.0000             0.0000           
                   C(  1) 2pz          C(  2) 2s         C(  2) 2px     
 C(  1) 2s           0.0000             0.0000             22.8727          
 C(  1) 2px          0.0000            -22.8727            0.0000           
 C(  1) 2py          0.0000             0.0000             0.0000           
 C(  1) 2pz         -8.9582             0.0000             0.0000           
 C(  2) 2s           0.0000            -14.1024            0.0000           
 C(  2) 2px          0.0000             0.0000            -20.2297          
 C(  2) 2py          0.0000             0.0000             0.0000           
 C(  2) 2pz          0.0000             0.0000             0.0000           
                   C(  2) 2py         C(  2) 2pz     
 C(  1) 2s           0.0000             0.0000           
 C(  1) 2px          0.0000             0.0000           
 C(  1) 2py          0.0000             11.4860          
 C(  1) 2pz          11.4860            0.0000           
 C(  2) 2s           0.0000             0.0000           
 C(  2) 2px          0.0000             0.0000           
 C(  2) 2py         -8.9582             0.0000           
 C(  2) 2pz          0.0000            -8.9582           


;	*** Wavefunctions ***  (AO's in rows, MO's in columns, energies INCREASE to the right)
;	***> REAL:
                       1                  2                  3          
 C(  1) 2s          -0.4863            -0.4907             0.0000           
 C(  1) 2px          0.2728            -0.2704             0.0000           
 C(  1) 2py          0.0000             0.0000             0.4150           
 C(  1) 2pz          0.0000             0.0000            -0.4145           
 C(  2) 2s           0.4907            -0.4863             0.0000           
 C(  2) 2px          0.2704             0.2728             0.0000           
 C(  2) 2py          0.0000             0.0000             0.4145           
 C(  2) 2pz          0.0000             0.0000            -0.4150           
                       4                  5                  6          
 C(  1) 2s           0.0000             0.0000             0.0000           
 C(  1) 2px          0.0000             0.0000             0.0000           
 C(  1) 2py          0.4145            -0.9100             0.9101           
 C(  1) 2pz          0.4150            -0.9101            -0.9100           
 C(  2) 2s           0.0000             0.0000             0.0000           
 C(  2) 2px          0.0000             0.0000             0.0000           
 C(  2) 2py         -0.4150            -0.9101            -0.9100           
 C(  2) 2pz         -0.4145            -0.9100             0.9101           
                       7                  8          
 C(  1) 2s          -0.9975             0.9975           
 C(  1) 2px          0.7840             0.7840           
 C(  1) 2py          0.0000             0.0000           
 C(  1) 2pz          0.0000             0.0000           
 C(  2) 2s          -0.9975            -0.9975           
 C(  2) 2px         -0.7840             0.7840           
 C(  2) 2py          0.0000             0.0000           
 C(  2) 2pz          0.0000             0.0000           


;	***> IMAGINARY:
                       1                  2                  3          
 C(  1) 2s           0.0000             0.0000             0.0000           
 C(  1) 2px         -0.0002             0.0002             0.0000           
 C(  1) 2py          0.0000             0.0000             0.0000           
 C(  1) 2pz          0.0000             0.0000             0.0000           
 C(  2) 2s          -0.0004             0.0004             0.0000           
 C(  2) 2px          0.0000             0.0000             0.0000           
 C(  2) 2py          0.0000             0.0000             0.0000           
 C(  2) 2pz          0.0000             0.0000             0.0000           
                       4                  5                  6          
 C(  1) 2s           0.0000             0.0000             0.0000           
 C(  1) 2px          0.0000             0.0000             0.0000           
 C(  1) 2py          0.0000             0.0000             0.0000           
 C(  1) 2pz          0.0000             0.0000             0.0000           
 C(  2) 2s           0.0000             0.0000             0.0000           
 C(  2) 2px          0.0000             0.0000             0.0000           
 C(  2) 2py          0.0000             0.0000             0.0000           
 C(  2) 2pz          0.0000             0.0000             0.0000           
                       7                  8          
 C(  1) 2s           0.0000             0.0000           
 C(  1) 2px          0.0000             0.0000           
 C(  1) 2py          0.0000             0.0000           
 C(  1) 2pz          0.0000             0.0000           
 C(  2) 2s           0.0000             0.0000           
 C(  2) 2px          0.0000             0.0000           
 C(  2) 2py          0.0000             0.0000           
 C(  2) 2pz          0.0000             0.0000           


; >>>>> The HOMO was found to be 2-fold degenerate.

#	******* Energies (in eV)  and Occupation Numbers *******
1:--->   -21.851  [2.000 Electrons]
2:--->   -21.851  [2.000 Electrons]
3:--->   -14.067  [2.000 Electrons]
4:--->   -14.067  [2.000 Electrons]
5:--->   8.37383  [0.000 Electrons]
6:--->   8.37383  [0.000 Electrons]
7:--->   18.6171  [0.000 Electrons]
8:--->   18.6171  [0.000 Electrons]
Total_Energy: -143.672


; 		q-q-q-q-q-q-q-q  Charge Matrix q-q-q-q-q-q-q-q
;  Complete Charge Matrix Independant of Occupation
                       1                  2                  3          
 C(  1) 2s           0.2902             0.2955             0.0000           
 C(  1) 2px          0.2090             0.2053             0.0000           
 C(  1) 2py          0.0000             0.0000             0.2503           
 C(  1) 2pz          0.0000             0.0000             0.2497           
 C(  2) 2s           0.2955             0.2902             0.0000           
 C(  2) 2px          0.2053             0.2090             0.0000           
 C(  2) 2py          0.0000             0.0000             0.2497           
 C(  2) 2pz          0.0000             0.0000             0.2503           
                       4                  5                  6          
 C(  1) 2s           0.0000             0.0000             0.0000           
 C(  1) 2px          0.0000             0.0000             0.0000           
 C(  1) 2py          0.2497             0.2500             0.2500           
 C(  1) 2pz          0.2503             0.2500             0.2500           
 C(  2) 2s           0.0000             0.0000             0.0000           
 C(  2) 2px          0.0000             0.0000             0.0000           
 C(  2) 2py          0.2503             0.2500             0.2500           
 C(  2) 2pz          0.2497             0.2500             0.2500           
                       7                  8          
 C(  1) 2s           0.2071             0.2071           
 C(  1) 2px          0.2929             0.2929           
 C(  1) 2py          0.0000             0.0000           
 C(  1) 2pz          0.0000             0.0000           
 C(  2) 2s           0.2071             0.2071           
 C(  2) 2px          0.2929             0.2929           
 C(  2) 2py          0.0000             0.0000           
 C(  2) 2pz          0.0000             0.0000           


;***& Kpoint: 3 (0.5000 0.5000 0.5000) Weight: 1.000000
;		 --- Overlap Matrix S(K) ---
                    C(  1) 2s         C(  1) 2px         C(  1) 2py     
 C(  1) 2s           0.9648             0.0000             0.0000           
 C(  1) 2px          0.0000             1.0255             0.2918           
 C(  1) 2py          0.0000             0.0000             1.0255           
 C(  1) 2pz          0.0000             0.0000             0.0000           
 C(  2) 2s           0.0000             0.0000             0.0000           
 C(  2) 2px          0.0000             0.0000             0.0000           
 C(  2) 2py          0.0000             0.0000             0.0000           
 C(  2) 2pz          0.0000             0.0000             0.0000           
                   C(  1) 2pz          C(  2) 2s         C(  2) 2px     
 C(  1) 2s           0.0000            -0.4805            -0.4237           
 C(  1) 2px          0.2918             0.4237            -0.0992           
 C(  1) 2py          0.2918             0.4237            -0.4092           
 C(  1) 2pz          1.0255             0.4237            -0.4092           
 C(  2) 2s           0.0000             0.9648             0.0000           
 C(  2) 2px          0.0000             0.0000             1.0255           
 C(  2) 2py          0.0000             0.0000             0.0000           
 C(  2) 2pz          0.0000             0.0000             0.0000           
                   C(  2) 2py         C(  2) 2pz     
 C(  1) 2s          -0.4237            -0.4237           
 C(  1) 2px         -0.4092            -0.4092           
 C(  1) 2py         -0.0992            -0.4092           
 C(  1) 2pz         -0.4092            -0.0992           
 C(  2) 2s           0.0000             0.0000           
 C(  2) 2px          0.2918             0.2918           
 C(  2) 2py          1.0255             0.2918           
 C(  2) 2pz          0.0000             1.0255           


;		 --- Hamiltonian H(K) ---
                    C(  1) 2s         C(  1) 2px         C(  1) 2py     
 C(  1) 2s          -20.0818            0.0000             0.0000           
 C(  1) 2px          0.0000            -11.9080           -5.8207           
 C(  1) 2py          0.0000             0.0000            -11.9080          
 C(  1) 2pz          0.0000             0.0000             0.0000           
 C(  2) 2s           0.0000             0.0000             0.0000           
 C(  2) 2px          0.0000             0.0000             0.0000           
 C(  2) 2py          0.0000             0.0000             0.0000           
 C(  2) 2pz          0.0000             0.0000             0.0000           
                   C(  1) 2pz          C(  2) 2s         C(  2) 2px     
 C(  1) 2s           0.0000             17.9942            12.7611          
 C(  1) 2px         -5.8207            -12.7611            1.9787           
 C(  1) 2py         -5.8207            -12.7611            8.1631           
 C(  1) 2pz         -11.9080           -12.7611            8.1631           
 C(  2) 2s           0.0000            -20.0818            0.0000           
 C(  2) 2px          0.0000             0.0000            -11.9080          
 C(  2) 2py          0.0000             0.0000             0.0000           
 C(  2) 2pz          0.0000             0.0000             0.0000           
                   C(  2) 2py         C(  2) 2pz     
 C(  1) 2s           12.7611            12.7611          
 C(  1) 2px          8.1631             8.1631           
 C(  1) 2py          1.9787             8.1631           
 C(  1) 2pz          8.1631             1.9787           
 C(  2) 2s           0.0000             0.0000           
 C(  2) 2px         -5.8207            -5.8207           
 C(  2) 2py         -11.9080           -5.8207           
 C(  2) 2pz          0.0000            -11.9080          


;	*** Wavefunctions ***  (AO's in rows, MO's in columns, energies INCREASE to the right)
;	***> REAL:
                       1                  2                  3          
 C(  1) 2s           0.5343             0.3410             0.0000           
 C(  1) 2px         -0.0590             0.1914             0.2161           
 C(  1) 2py         -0.0590             0.1914             0.3442           
 C(  1) 2pz         -0.0590             0.1914            -0.5603           
 C(  2) 2s          -0.5343             0.3410             0.0000           
 C(  2) 2px         -0.0590            -0.1914             0.2161           
 C(  2) 2py         -0.0590            -0.1914             0.3442           
 C(  2) 2pz         -0.0590            -0.1914            -0.5603           
                       4                  5                  6          
 C(  1) 2s           0.0000             0.0000             0.0000           
 C(  1) 2px          0.5222            -0.8250             0.3257           
 C(  1) 2py         -0.4482             0.1304            -0.8773           
 C(  1) 2pz         -0.0740             0.6946             0.5516           
 C(  2) 2s           0.0000             0.0000             0.0000           
 C(  2) 2px          0.5222             0.8250            -0.3257           
 C(  2) 2py         -0.4482            -0.1304             0.8773           
 C(  2) 2pz         -0.0740            -0.6946            -0.5516           
                       7                  8          
 C(  1) 2s           0.6817            -1.3144           
 C(  1) 2px          0.7206             0.2849           
 C(  1) 2py          0.7206             0.2849           
 C(  1) 2pz          0.7206             0.2849           
 C(  2) 2s          -0.6817            -1.3144           
 C(  2) 2px          0.7206            -0.2849           
 C(  2) 2py          0.7206            -0.2849           
 C(  2) 2pz          0.7206            -0.2849           


;	***> IMAGINARY:
                       1                  2                  3          
 C(  1) 2s           0.0000             0.0000             0.0000           
 C(  1) 2px          0.0000             0.0000             0.0000           
 C(  1) 2py          0.0000             0.0000             0.0000           
 C(  1) 2pz          0.0000             0.0000             0.0000           
 C(  2) 2s           0.0000             0.0000             0.0000           
 C(  2) 2px          0.0000             0.0000             0.0000           
 C(  2) 2py          0.0000             0.0000             0.0000           
 C(  2) 2pz          0.0000             0.0000             0.0000           
                       4                  5                  6          
 C(  1) 2s           0.0000             0.0000             0.0000           
 C(  1) 2px          0.0000             0.0000             0.0000           
 C(  1) 2py          0.0000             0.0000             0.0000           
 C(  1) 2pz          0.0000             0.0000             0.0000           
 C(  2) 2s           0.0000             0.0000             0.0000           
 C(  2) 2px          0.0000             0.0000             0.0000           
 C(  2) 2py          0.0000             0.0000             0.0000           
 C(  2) 2pz          0.0000             0.0000             0.0000           
                       7                  8          
 C(  1) 2s           0.0000             0.0000           
 C(  1) 2px          0.0000             0.0000           
 C(  1) 2py          0.0000             0.0000           
 C(  1) 2pz          0.0000             0.0000           
 C(  2) 2s           0.0000             0.0000           
 C(  2) 2px          0.0000             0.0000           
 C(  2) 2py          0.0000             0.0000           
 C(  2) 2pz          0.0000             0.0000           


; >>>>> The HOMO was found to be 2-fold degenerate.

#	******* Energies (in eV)  and Occupation Numbers *******
1:--->  -26.6788  [2.000 Electrons]
2:--->  -19.6834  [2.000 Electrons]
3:--->  -11.7579  [2.000 Electrons]
4:--->  -11.7579  [2.000 Electrons]
5:--->   0.22901  [0.000 Electrons]
6:--->   0.22901  [0.000 Electrons]
7:--->   23.4957  [0.000 Electrons]
8:--->   29.7498  [0.000 Electrons]
Total_Energy: -139.756


; 		q-q-q-q-q-q-q-q  Charge Matrix q-q-q-q-q-q-q-q
;  Complete Charge Matrix Independant of Occupation
                       1                  2                  3          
 C(  1) 2s           0.4527             0.1393             0.0000           
 C(  1) 2px          0.0158             0.1202             0.0487           
 C(  1) 2py          0.0158             0.1202             0.1236           
 C(  1) 2pz          0.0158             0.1202             0.3276           
 C(  2) 2s           0.4527             0.1393             0.0000           
 C(  2) 2px          0.0158             0.1202             0.0487           
 C(  2) 2py          0.0158             0.1202             0.1236           
 C(  2) 2pz          0.0158             0.1202             0.3276           
                       4                  5                  6          
 C(  1) 2s           0.0000             0.0000             0.0000           
 C(  1) 2px          0.2846             0.2884             0.0450           
 C(  1) 2py          0.2097             0.0072             0.3261           
 C(  1) 2pz          0.0057             0.2044             0.1289           
 C(  2) 2s           0.0000             0.0000             0.0000           
 C(  2) 2px          0.2846             0.2884             0.0450           
 C(  2) 2py          0.2097             0.0072             0.3261           
 C(  2) 2pz          0.0057             0.2044             0.1289           
                       7                  8          
 C(  1) 2s           0.0473             0.3607           
 C(  1) 2px          0.1509             0.0464           
 C(  1) 2py          0.1509             0.0464           
 C(  1) 2pz          0.1509             0.0464           
 C(  2) 2s           0.0473             0.3607           
 C(  2) 2px          0.1509             0.0464           
 C(  2) 2py          0.1509             0.0464           
 C(  2) 2pz          0.1509             0.0464           


; >>>>> The HOCO was found to be 3-fold degenerate.


# ******** Extended Hueckel Parameters ********
;  FORMAT  quantum number orbital: Hii, <c1>, exponent1, <c2>, <exponent2>

ATOM: C   Atomic number: 6  # Valence Electrons: 4
	2S:   -21.4000     1.7100
	2P:   -11.4000     1.6250

### TOTAL DENSITY OF STATES 
16 states are present.
#BEGIN CURVE
0.333333 -32.561836
0.333333 -26.678802
0.666667 -21.850979
0.333333 -19.683359
0.666667 -14.067011
0.666667 -11.757931
1.000000 -9.370505
1.000000 -4.409981
0.666667 0.229010
0.666667 8.373826
0.666667 18.617111
0.333333 23.495676
0.333333 29.749817
0.333333 42.002995
#END CURVE
# END OF DOS


;  The Fermi Level was determined for 3 K points based on
;     an ordering of 24 crystal orbitals occupied by 8.000000 electrons
;      in the unit cell (24.000000 electrons total)
#Fermi_Energy:  -9.370505
#Average Energy:  -134.924903 eV

# Atomic Orbital Occupations
;        s      px      py      pz    dx2-y2    dz2     dxy     dxz     dyz
1 C  1.1185  0.9224  0.9796  0.9796  0.0000  0.0000  0.0000  0.0000  0.0000 
2 C  1.1185  0.9224  0.9796  0.9796  0.0000  0.0000  0.0000  0.0000  0.0000 

# AVERAGE NET CHARGES
1 C -0.000000
2 C -0.000000
There are a total of 8.000000 electrons.
