#BIND_OUTPUT version: 3.0

#JOB_TITLE: [XeF4]

; ********* Atoms within the unit cell:  *********
# NUMBER OF ATOMS: 
	5
# ATOMIC POSITIONS
   1   XE  0.000000  0.000000  0.000000
   2    F -1.900000  0.000000  0.000000
   3    F  1.900000  0.000000  0.000000
   4    F  0.000000 -1.900000  0.000000
   5    F  0.000000  1.900000  0.000000


# ******** Extended Hueckel Parameters ********
;  FORMAT  quantum number orbital: Hii, <c1>, exponent1, <c2>, <exponent2>

ATOM: XE   Atomic number: 54  # Valence Electrons: 8
	5S:   -21.2100     2.8440
	5P:   -12.1300     2.4850
ATOM: F   Atomic number: 9  # Valence Electrons: 7
	2S:   -40.0000     2.4250
	2P:   -18.1000     2.4250

; Number of orbitals
#Num_Orbitals: 20


;****** DISTANCE MATRIX *********

              XE(   1)     F(   2)     F(   3)     F(   4)     F(   5)  
  XE(   1)     0.0000   
   F(   2)     1.9000      0.0000   
   F(   3)     1.9000      3.8000      0.0000   
   F(   4)     1.9000      2.6870      2.6870      0.0000   
   F(   5)     1.9000      2.6870      2.6870      3.8000      0.0000   
;------------------ FMO Analysis --------------
#NUM_FRAGMENTS: 2

#Fragment 1 <*><*><*><*><*><*><*><*><*><*><*><*>
;	*** Wavefunctions ***  (AO's in rows, MO's in columns, energies INCREASE to the right)
;	***> REAL:
       1        2        3        4     
   1   1.0000   0.0000   0.0000   0.0000
   2   0.0000   1.0000   0.0000   0.0000
   3   0.0000   0.0000   1.0000   0.0000
   4   0.0000   0.0000   0.0000   1.0000


; >>>>> The HOMO was found to be 3-fold degenerate.

#	****Fragment Energies (in eV) and Occupation Numbers ****
1:--->    -21.21  [2.000 Electrons]
2:--->    -12.13  [0.667 Electrons]
3:--->    -12.13  [0.667 Electrons]
4:--->    -12.13  [0.667 Electrons]
Total_Fragment_Energy:   -66.68

#Fragment 2 <*><*><*><*><*><*><*><*><*><*><*><*>
;	*** Wavefunctions ***  (AO's in rows, MO's in columns, energies INCREASE to the right)
;	***> REAL:
       1        2        3        4        5        6        7     
   1  -0.4982   0.0114  -0.7070   0.5018   0.0000  -0.0062  -0.0006
   2  -0.0025   0.0000   0.0000  -0.0025   0.0000   0.4978   0.0459
   3   0.0000  -0.0035   0.0000   0.0000   0.4978   0.0000  -0.4952
   4   0.0000   0.0000   0.0000   0.0000   0.0000   0.0000   0.0000
   5  -0.4982  -0.0114   0.7070   0.5018   0.0000  -0.0062   0.0006
   6   0.0025   0.0000   0.0000   0.0025   0.0000  -0.4978   0.0459
   7   0.0000  -0.0035   0.0000   0.0000  -0.4978   0.0000  -0.4952
   8   0.0000   0.0000   0.0000   0.0000   0.0000   0.0000   0.0000
   9  -0.4982   0.7070   0.0114  -0.5018   0.0000  -0.0062  -0.0061
  10   0.0000   0.0000   0.0035   0.0000   0.4978   0.0000  -0.0457
  11  -0.0025   0.0000   0.0000   0.0025   0.0000   0.4978   0.4972
  12   0.0000   0.0000   0.0000   0.0000   0.0000   0.0000   0.0000
  13  -0.4982  -0.7070  -0.0114  -0.5018   0.0000  -0.0062   0.0061
  14   0.0000   0.0000   0.0035   0.0000  -0.4978   0.0000  -0.0457
  15   0.0025   0.0000   0.0000  -0.0025   0.0000  -0.4978   0.4972
  16   0.0000   0.0000   0.0000   0.0000   0.0000   0.0000   0.0000
       8        9        10       11       12       13       14    
   1  -0.0061   0.0000   0.0000   0.0000   0.0000  -0.0008   0.0063
   2   0.4972   0.0000   0.0000   0.0000   0.0000  -0.0667   0.4963
   3   0.0457   0.0000   0.0000   0.0000   0.0000   0.4982   0.0670
   4   0.0000  -0.4996  -0.7070   0.0126  -0.5004   0.0000   0.0000
   5   0.0061   0.0000   0.0000   0.0000   0.0000   0.0008  -0.0063
   6   0.4972   0.0000   0.0000   0.0000   0.0000  -0.0667   0.4963
   7   0.0457   0.0000   0.0000   0.0000   0.0000   0.4982   0.0670
   8   0.0000  -0.4996   0.7070  -0.0126  -0.5004   0.0000   0.0000
   9   0.0006   0.0000   0.0000   0.0000   0.0000   0.0063   0.0008
  10  -0.4952   0.0000   0.0000   0.0000   0.0000  -0.0670   0.4982
  11  -0.0459   0.0000   0.0000   0.0000   0.0000   0.4963   0.0667
  12   0.0000  -0.4996  -0.0126  -0.7070   0.5004   0.0000   0.0000
  13  -0.0006   0.0000   0.0000   0.0000   0.0000  -0.0063  -0.0008
  14  -0.4952   0.0000   0.0000   0.0000   0.0000  -0.0670   0.4982
  15  -0.0459   0.0000   0.0000   0.0000   0.0000   0.4963   0.0667
  16   0.0000  -0.4996   0.0126   0.7070   0.5004   0.0000   0.0000
       15       16    
   1   0.0000   0.0063
   2   0.0000   0.5021
   3  -0.5022   0.0000
   4   0.0000   0.0000
   5   0.0000   0.0063
   6   0.0000  -0.5021
   7   0.5022   0.0000
   8   0.0000   0.0000
   9   0.0000  -0.0063
  10   0.5022   0.0000
  11   0.0000  -0.5021
  12   0.0000   0.0000
  13   0.0000  -0.0063
  14  -0.5022   0.0000
  15   0.0000   0.5021
  16   0.0000   0.0000



#	****Fragment Energies (in eV) and Occupation Numbers ****
1:--->  -40.2166  [2.000 Electrons]
2:--->  -39.9983  [2.000 Electrons]
3:--->  -39.9983  [2.000 Electrons]
4:--->  -39.7859  [2.000 Electrons]
5:--->  -18.2169  [2.000 Electrons]
6:--->  -18.2161  [2.000 Electrons]
7:--->  -18.1904  [2.000 Electrons]
8:--->  -18.1904  [2.000 Electrons]
9:--->  -18.1243  [2.000 Electrons]
10:--->  -18.0998  [2.000 Electrons]
11:--->  -18.0998  [2.000 Electrons]
12:--->  -18.0759  [2.000 Electrons]
13:--->  -18.0025  [2.000 Electrons]
14:--->  -18.0025  [2.000 Electrons]
15:--->  -17.9807  [2.000 Electrons]
16:--->    -17.98  [2.000 Electrons]
Total_Fragment_Energy: -754.357
;-o-o-o-o-o-o-o-o- END FMO -o-o-o-o-o-o-

;	*** Wavefunctions ***  (AO's in rows, MO's in columns, energies INCREASE to the right)
;	***> REAL:
                       1                  2                  3          
XE(  1) 5s          -0.1831             0.0000             0.0000           
XE(  1) 5px          0.0000            -0.0247            -0.1318           
XE(  1) 5py          0.0000             0.1318            -0.0247           
XE(  1) 5pz          0.0000             0.0000             0.0000           
 F(  2) 2s          -0.4677             0.1229             0.6567           
 F(  2) 2px          0.0049            -0.0033            -0.0177           
 F(  2) 2py          0.0000            -0.0023             0.0004           
 F(  2) 2pz          0.0000             0.0000             0.0000           
 F(  3) 2s          -0.4677            -0.1229            -0.6567           
 F(  3) 2px         -0.0049            -0.0033            -0.0177           
 F(  3) 2py          0.0000            -0.0023             0.0004           
 F(  3) 2pz          0.0000             0.0000             0.0000           
 F(  4) 2s          -0.4677            -0.6567             0.1229           
 F(  4) 2px          0.0000             0.0004             0.0023           
 F(  4) 2py          0.0049             0.0177            -0.0033           
 F(  4) 2pz          0.0000             0.0000             0.0000           
 F(  5) 2s          -0.4677             0.6567            -0.1229           
 F(  5) 2px          0.0000             0.0004             0.0023           
 F(  5) 2py         -0.0049             0.0177            -0.0033           
 F(  5) 2pz          0.0000             0.0000             0.0000           
                       4                  5                  6          
XE(  1) 5s           0.0000             0.5803             0.0000           
XE(  1) 5px          0.0000             0.0000            -0.1887           
XE(  1) 5py          0.0000             0.0000            -0.0038           
XE(  1) 5pz          0.0000             0.0000             0.0000           
 F(  2) 2s          -0.5018            -0.1382            -0.0765           
 F(  2) 2px          0.0025             0.3369             0.6089           
 F(  2) 2py          0.0000             0.0000            -0.0047           
 F(  2) 2pz          0.0000             0.0000             0.0000           
 F(  3) 2s          -0.5018            -0.1382             0.0765           
 F(  3) 2px         -0.0025            -0.3369             0.6089           
 F(  3) 2py          0.0000             0.0000            -0.0047           
 F(  3) 2pz          0.0000             0.0000             0.0000           
 F(  4) 2s           0.5018            -0.1382            -0.0016           
 F(  4) 2px          0.0000             0.0000            -0.2325           
 F(  4) 2py         -0.0025             0.3369             0.0124           
 F(  4) 2pz          0.0000             0.0000             0.0000           
 F(  5) 2s           0.5018            -0.1382             0.0016           
 F(  5) 2px          0.0000             0.0000            -0.2325           
 F(  5) 2py          0.0025            -0.3369             0.0124           
 F(  5) 2pz          0.0000             0.0000             0.0000           
                       7                  8                  9          
XE(  1) 5s           0.0000             0.0000             0.0000           
XE(  1) 5px         -0.0038             0.0000             0.0000           
XE(  1) 5py          0.1887             0.0000             0.0000           
XE(  1) 5pz          0.0000             0.1815             0.0000           
 F(  2) 2s          -0.0016             0.0000             0.0000           
 F(  2) 2px          0.0124             0.0000             0.0000           
 F(  2) 2py          0.2325             0.0000            -0.4978           
 F(  2) 2pz          0.0000             0.4791             0.0000           
 F(  3) 2s           0.0016             0.0000             0.0000           
 F(  3) 2px          0.0124             0.0000             0.0000           
 F(  3) 2py          0.2325             0.0000             0.4978           
 F(  3) 2pz          0.0000             0.4791             0.0000           
 F(  4) 2s           0.0765             0.0000             0.0000           
 F(  4) 2px         -0.0047             0.0000            -0.4978           
 F(  4) 2py         -0.6089             0.0000             0.0000           
 F(  4) 2pz          0.0000             0.4791             0.0000           
 F(  5) 2s          -0.0765             0.0000             0.0000           
 F(  5) 2px         -0.0047             0.0000             0.4978           
 F(  5) 2py         -0.6089             0.0000             0.0000           
 F(  5) 2pz          0.0000             0.4791             0.0000           
                       10                 11                 12         
XE(  1) 5s           0.0000             0.0000             0.0000           
XE(  1) 5px          0.0000             0.0000             0.0000           
XE(  1) 5py          0.0000             0.0000             0.0000           
XE(  1) 5pz          0.0000             0.0000             0.0000           
 F(  2) 2s           0.0000             0.0000             0.0000           
 F(  2) 2px          0.0000             0.0000             0.0000           
 F(  2) 2py          0.0000             0.0000             0.0000           
 F(  2) 2pz          0.0641            -0.7042             0.5004           
 F(  3) 2s           0.0000             0.0000             0.0000           
 F(  3) 2px          0.0000             0.0000             0.0000           
 F(  3) 2py          0.0000             0.0000             0.0000           
 F(  3) 2pz         -0.0641             0.7042             0.5004           
 F(  4) 2s           0.0000             0.0000             0.0000           
 F(  4) 2px          0.0000             0.0000             0.0000           
 F(  4) 2py          0.0000             0.0000             0.0000           
 F(  4) 2pz         -0.7042            -0.0641            -0.5004           
 F(  5) 2s           0.0000             0.0000             0.0000           
 F(  5) 2px          0.0000             0.0000             0.0000           
 F(  5) 2py          0.0000             0.0000             0.0000           
 F(  5) 2pz          0.7042             0.0641            -0.5004           
                       13                 14                 15         
XE(  1) 5s           0.0000             0.0000             0.0000           
XE(  1) 5px          0.0244             0.0044             0.0000           
XE(  1) 5py          0.0044            -0.0244             0.0000           
XE(  1) 5pz          0.0000             0.0000             0.0000           
 F(  2) 2s           0.0012             0.0002             0.0000           
 F(  2) 2px         -0.2411            -0.0433             0.0000           
 F(  2) 2py         -0.1175             0.6540            -0.5022           
 F(  2) 2pz          0.0000             0.0000             0.0000           
 F(  3) 2s          -0.0012            -0.0002             0.0000           
 F(  3) 2px         -0.2411            -0.0433             0.0000           
 F(  3) 2py         -0.1175             0.6540             0.5022           
 F(  3) 2pz          0.0000             0.0000             0.0000           
 F(  4) 2s           0.0002            -0.0012             0.0000           
 F(  4) 2px         -0.6540            -0.1175             0.5022           
 F(  4) 2py         -0.0433             0.2411             0.0000           
 F(  4) 2pz          0.0000             0.0000             0.0000           
 F(  5) 2s          -0.0002             0.0012             0.0000           
 F(  5) 2px         -0.6540            -0.1175            -0.5022           
 F(  5) 2py         -0.0433             0.2411             0.0000           
 F(  5) 2pz          0.0000             0.0000             0.0000           
                       16                 17                 18         
XE(  1) 5s           0.0000             0.0000             0.8864           
XE(  1) 5px          0.0000             0.0000             0.0000           
XE(  1) 5py          0.0000             0.0000             0.0000           
XE(  1) 5pz          0.0000             0.9929             0.0000           
 F(  2) 2s          -0.0063             0.0000            -0.1679           
 F(  2) 2px         -0.5021             0.0000            -0.3936           
 F(  2) 2py          0.0000             0.0000             0.0000           
 F(  2) 2pz          0.0000            -0.1571             0.0000           
 F(  3) 2s          -0.0063             0.0000            -0.1679           
 F(  3) 2px          0.5021             0.0000             0.3936           
 F(  3) 2py          0.0000             0.0000             0.0000           
 F(  3) 2pz          0.0000            -0.1571             0.0000           
 F(  4) 2s           0.0063             0.0000            -0.1679           
 F(  4) 2px          0.0000             0.0000             0.0000           
 F(  4) 2py          0.5021             0.0000            -0.3936           
 F(  4) 2pz          0.0000            -0.1571             0.0000           
 F(  5) 2s           0.0063             0.0000            -0.1679           
 F(  5) 2px          0.0000             0.0000             0.0000           
 F(  5) 2py         -0.5021             0.0000             0.3936           
 F(  5) 2pz          0.0000            -0.1571             0.0000           
                       19                 20         
XE(  1) 5s           0.0000             0.0000           
XE(  1) 5px          0.5564            -0.9719           
XE(  1) 5py         -0.9719            -0.5564           
XE(  1) 5pz          0.0000             0.0000           
 F(  2) 2s           0.1803            -0.3150           
 F(  2) 2px          0.1813            -0.3167           
 F(  2) 2py          0.0864             0.0494           
 F(  2) 2pz          0.0000             0.0000           
 F(  3) 2s          -0.1803             0.3150           
 F(  3) 2px          0.1813            -0.3167           
 F(  3) 2py          0.0864             0.0494           
 F(  3) 2pz          0.0000             0.0000           
 F(  4) 2s          -0.3150            -0.1803           
 F(  4) 2px         -0.0494             0.0864           
 F(  4) 2py         -0.3167            -0.1813           
 F(  4) 2pz          0.0000             0.0000           
 F(  5) 2s           0.3150             0.1803           
 F(  5) 2px         -0.0494             0.0864           
 F(  5) 2py         -0.3167            -0.1813           
 F(  5) 2pz          0.0000             0.0000           



#	******* Energies (in eV)  and Occupation Numbers *******
1:--->  -40.9629  [2.000 Electrons]
2:--->  -40.5531  [2.000 Electrons]
3:--->  -40.5531  [2.000 Electrons]
4:--->  -39.7859  [2.000 Electrons]
5:--->  -21.1996  [2.000 Electrons]
6:--->  -18.7048  [2.000 Electrons]
7:--->  -18.7048  [2.000 Electrons]
8:--->  -18.3471  [2.000 Electrons]
9:--->  -18.2169  [2.000 Electrons]
10:--->  -18.0998  [2.000 Electrons]
11:--->  -18.0998  [2.000 Electrons]
12:--->  -18.0759  [2.000 Electrons]
13:--->  -18.0432  [2.000 Electrons]
14:--->  -18.0432  [2.000 Electrons]
15:--->  -17.9807  [2.000 Electrons]
16:--->    -17.98  [2.000 Electrons]
17:--->  -11.4613  [2.000 Electrons]
18:--->  -11.3443  [2.000 Electrons]
19:--->   0.83579  [0.000 Electrons]
20:--->   0.83579  [0.000 Electrons]
Total_Energy: -812.313


; 		q-q-q-q-q-q-q-q  Mulliken Analysis q-q-q-q-q-q-q-q

;    Mulliken Overlap Population Matrix for 36.000 electrons:
                   XE(  1) 5s        XE(  1) 5px        XE(  1) 5py     
XE(  1) 5s           2.3118             0.0000             0.0000           
XE(  1) 5px          0.0000             0.1084             0.0000           
XE(  1) 5py          0.0000             0.0000             0.1084           
XE(  1) 5pz          0.0000             0.0000             0.0000           
 F(  2) 2s          -0.0722             0.0762             0.0000           
 F(  2) 2px         -0.0837             0.1053             0.0000           
 F(  2) 2py          0.0000             0.0000             0.0074           
 F(  2) 2pz          0.0000             0.0000             0.0000           
 F(  3) 2s          -0.0722             0.0762             0.0000           
 F(  3) 2px         -0.0837             0.1053             0.0000           
 F(  3) 2py          0.0000             0.0000             0.0074           
 F(  3) 2pz          0.0000             0.0000             0.0000           
 F(  4) 2s          -0.0722             0.0000             0.0762           
 F(  4) 2px          0.0000             0.0074             0.0000           
 F(  4) 2py         -0.0837             0.0000             0.1053           
 F(  4) 2pz          0.0000             0.0000             0.0000           
 F(  5) 2s          -0.0722             0.0000             0.0762           
 F(  5) 2px          0.0000             0.0074             0.0000           
 F(  5) 2py         -0.0837             0.0000             0.1053           
 F(  5) 2pz          0.0000             0.0000             0.0000           
                  XE(  1) 5pz          F(  2) 2s         F(  2) 2px     
XE(  1) 5s           0.0000            -0.0722            -0.0837           
XE(  1) 5px          0.0000             0.0762             0.1053           
XE(  1) 5py          0.0000             0.0000             0.0000           
XE(  1) 5pz          2.0375             0.0000             0.0000           
 F(  2) 2s           0.0000             1.9401             0.0000           
 F(  2) 2px          0.0000             0.0000             1.9037           
 F(  2) 2py          0.0000             0.0000             0.0000           
 F(  2) 2pz         -0.0187             0.0000             0.0000           
 F(  3) 2s           0.0000             0.0000             0.0000           
 F(  3) 2px          0.0000             0.0000             0.0001           
 F(  3) 2py          0.0000             0.0000             0.0000           
 F(  3) 2pz         -0.0187             0.0000             0.0000           
 F(  4) 2s           0.0000             0.0002             0.0002           
 F(  4) 2px          0.0000            -0.0003            -0.0003           
 F(  4) 2py          0.0000             0.0002             0.0003           
 F(  4) 2pz         -0.0187             0.0000             0.0000           
 F(  5) 2s           0.0000             0.0002             0.0002           
 F(  5) 2px          0.0000            -0.0003            -0.0003           
 F(  5) 2py          0.0000             0.0002             0.0003           
 F(  5) 2pz         -0.0187             0.0000             0.0000           
                   F(  2) 2py         F(  2) 2pz          F(  3) 2s     
XE(  1) 5s           0.0000             0.0000            -0.0722           
XE(  1) 5px          0.0000             0.0000             0.0762           
XE(  1) 5py          0.0074             0.0000             0.0000           
XE(  1) 5pz          0.0000            -0.0187             0.0000           
 F(  2) 2s           0.0000             0.0000             0.0000           
 F(  2) 2px          0.0000             0.0000             0.0000           
 F(  2) 2py          1.9912             0.0000             0.0000           
 F(  2) 2pz          0.0000             2.0094             0.0000           
 F(  3) 2s           0.0000             0.0000             1.9401           
 F(  3) 2px          0.0000             0.0000             0.0000           
 F(  3) 2py          0.0000             0.0000             0.0000           
 F(  3) 2pz          0.0000             0.0000             0.0000           
 F(  4) 2s          -0.0003             0.0000             0.0002           
 F(  4) 2px         -0.0001             0.0000            -0.0003           
 F(  4) 2py         -0.0003             0.0000             0.0002           
 F(  4) 2pz          0.0000             0.0000             0.0000           
 F(  5) 2s          -0.0003             0.0000             0.0002           
 F(  5) 2px         -0.0001             0.0000            -0.0003           
 F(  5) 2py         -0.0003             0.0000             0.0002           
 F(  5) 2pz          0.0000             0.0000             0.0000           
                   F(  3) 2px         F(  3) 2py         F(  3) 2pz     
XE(  1) 5s          -0.0837             0.0000             0.0000           
XE(  1) 5px          0.1053             0.0000             0.0000           
XE(  1) 5py          0.0000             0.0074             0.0000           
XE(  1) 5pz          0.0000             0.0000            -0.0187           
 F(  2) 2s           0.0000             0.0000             0.0000           
 F(  2) 2px          0.0001             0.0000             0.0000           
 F(  2) 2py          0.0000             0.0000             0.0000           
 F(  2) 2pz          0.0000             0.0000             0.0000           
 F(  3) 2s           0.0000             0.0000             0.0000           
 F(  3) 2px          1.9037             0.0000             0.0000           
 F(  3) 2py          0.0000             1.9912             0.0000           
 F(  3) 2pz          0.0000             0.0000             2.0094           
 F(  4) 2s           0.0002            -0.0003             0.0000           
 F(  4) 2px         -0.0003            -0.0001             0.0000           
 F(  4) 2py          0.0003            -0.0003             0.0000           
 F(  4) 2pz          0.0000             0.0000             0.0000           
 F(  5) 2s           0.0002            -0.0003             0.0000           
 F(  5) 2px         -0.0003            -0.0001             0.0000           
 F(  5) 2py          0.0003            -0.0003             0.0000           
 F(  5) 2pz          0.0000             0.0000             0.0000           
                    F(  4) 2s         F(  4) 2px         F(  4) 2py     
XE(  1) 5s          -0.0722             0.0000            -0.0837           
XE(  1) 5px          0.0000             0.0074             0.0000           
XE(  1) 5py          0.0762             0.0000             0.1053           
XE(  1) 5pz          0.0000             0.0000             0.0000           
 F(  2) 2s           0.0002            -0.0003             0.0002           
 F(  2) 2px          0.0002            -0.0003             0.0003           
 F(  2) 2py         -0.0003            -0.0001            -0.0003           
 F(  2) 2pz          0.0000             0.0000             0.0000           
 F(  3) 2s           0.0002            -0.0003             0.0002           
 F(  3) 2px          0.0002            -0.0003             0.0003           
 F(  3) 2py         -0.0003            -0.0001            -0.0003           
 F(  3) 2pz          0.0000             0.0000             0.0000           
 F(  4) 2s           1.9401             0.0000             0.0000           
 F(  4) 2px          0.0000             1.9912             0.0000           
 F(  4) 2py          0.0000             0.0000             1.9037           
 F(  4) 2pz          0.0000             0.0000             0.0000           
 F(  5) 2s           0.0000             0.0000             0.0000           
 F(  5) 2px          0.0000             0.0000             0.0000           
 F(  5) 2py          0.0000             0.0000             0.0001           
 F(  5) 2pz          0.0000             0.0000             0.0000           
                   F(  4) 2pz          F(  5) 2s         F(  5) 2px     
XE(  1) 5s           0.0000            -0.0722             0.0000           
XE(  1) 5px          0.0000             0.0000             0.0074           
XE(  1) 5py          0.0000             0.0762             0.0000           
XE(  1) 5pz         -0.0187             0.0000             0.0000           
 F(  2) 2s           0.0000             0.0002            -0.0003           
 F(  2) 2px          0.0000             0.0002            -0.0003           
 F(  2) 2py          0.0000            -0.0003            -0.0001           
 F(  2) 2pz          0.0000             0.0000             0.0000           
 F(  3) 2s           0.0000             0.0002            -0.0003           
 F(  3) 2px          0.0000             0.0002            -0.0003           
 F(  3) 2py          0.0000            -0.0003            -0.0001           
 F(  3) 2pz          0.0000             0.0000             0.0000           
 F(  4) 2s           0.0000             0.0000             0.0000           
 F(  4) 2px          0.0000             0.0000             0.0000           
 F(  4) 2py          0.0000             0.0000             0.0000           
 F(  4) 2pz          2.0094             0.0000             0.0000           
 F(  5) 2s           0.0000             1.9401             0.0000           
 F(  5) 2px          0.0000             0.0000             1.9912           
 F(  5) 2py          0.0000             0.0000             0.0000           
 F(  5) 2pz          0.0000             0.0000             0.0000           
                   F(  5) 2py         F(  5) 2pz     
XE(  1) 5s          -0.0837             0.0000           
XE(  1) 5px          0.0000             0.0000           
XE(  1) 5py          0.1053             0.0000           
XE(  1) 5pz          0.0000            -0.0187           
 F(  2) 2s           0.0002             0.0000           
 F(  2) 2px          0.0003             0.0000           
 F(  2) 2py         -0.0003             0.0000           
 F(  2) 2pz          0.0000             0.0000           
 F(  3) 2s           0.0002             0.0000           
 F(  3) 2px          0.0003             0.0000           
 F(  3) 2py         -0.0003             0.0000           
 F(  3) 2pz          0.0000             0.0000           
 F(  4) 2s           0.0000             0.0000           
 F(  4) 2px          0.0000             0.0000           
 F(  4) 2py          0.0001             0.0000           
 F(  4) 2pz          0.0000             0.0000           
 F(  5) 2s           0.0000             0.0000           
 F(  5) 2px          0.0000             0.0000           
 F(  5) 2py          1.9037             0.0000           
 F(  5) 2pz          0.0000             2.0094           



;   Reduced Mulliken Overlap Population Matrix for 36.000 electrons:

               1        2        3        4        5     
   1        4.5662   
   2        0.0143      7.8443   
   3        0.0143      0.0002      7.8443   
   4        0.0143     -0.0003     -0.0003      7.8443   
   5        0.0143     -0.0003     -0.0003      0.0002      7.8443   

;    Net Atomic Charges for 36.000 electrons:
1 XE: 3.405240
2 F: -0.851310
3 F: -0.851310
4 F: -0.851310
5 F: -0.851310
;      Total Charge is: -0.000000


; 		q-q-q-q-q-q-q-q  Charge Matrix q-q-q-q-q-q-q-q
;  Complete Charge Matrix Independant of Occupation
                       1                  2                  3          
XE(  1) 5s           0.0762             0.0000             0.0000           
XE(  1) 5px          0.0000             0.0021             0.0602           
XE(  1) 5py          0.0000             0.0602             0.0021           
XE(  1) 5pz          0.0000             0.0000             0.0000           
 F(  2) 2s           0.2311             0.0159             0.4532           
 F(  2) 2px         -0.0001             0.0000            -0.0002           
 F(  2) 2py          0.0000            -0.0000             0.0000           
 F(  2) 2pz          0.0000             0.0000             0.0000           
 F(  3) 2s           0.2311             0.0159             0.4532           
 F(  3) 2px         -0.0001             0.0000            -0.0002           
 F(  3) 2py          0.0000            -0.0000             0.0000           
 F(  3) 2pz          0.0000             0.0000             0.0000           
 F(  4) 2s           0.2311             0.4532             0.0159           
 F(  4) 2px          0.0000             0.0000            -0.0000           
 F(  4) 2py         -0.0001            -0.0002             0.0000           
 F(  4) 2pz          0.0000             0.0000             0.0000           
 F(  5) 2s           0.2311             0.4532             0.0159           
 F(  5) 2px          0.0000             0.0000            -0.0000           
 F(  5) 2py         -0.0001            -0.0002             0.0000           
 F(  5) 2pz          0.0000             0.0000             0.0000           
                       4                  5                  6          
XE(  1) 5s           0.0000             0.4023             0.0000           
XE(  1) 5px          0.0000             0.0000             0.0853           
XE(  1) 5py          0.0000             0.0000             0.0000           
XE(  1) 5pz          0.0000             0.0000             0.0000           
 F(  2) 2s           0.2500             0.0088             0.0021           
 F(  2) 2px          0.0000             0.1406             0.3972           
 F(  2) 2py          0.0000             0.0000             0.0000           
 F(  2) 2pz          0.0000             0.0000             0.0000           
 F(  3) 2s           0.2500             0.0088             0.0021           
 F(  3) 2px          0.0000             0.1406             0.3972           
 F(  3) 2py          0.0000             0.0000             0.0000           
 F(  3) 2pz          0.0000             0.0000             0.0000           
 F(  4) 2s           0.2500             0.0088             0.0000           
 F(  4) 2px          0.0000             0.0000             0.0579           
 F(  4) 2py          0.0000             0.1406             0.0002           
 F(  4) 2pz          0.0000             0.0000             0.0000           
 F(  5) 2s           0.2500             0.0088             0.0000           
 F(  5) 2px          0.0000             0.0000             0.0579           
 F(  5) 2py          0.0000             0.1406             0.0002           
 F(  5) 2pz          0.0000             0.0000             0.0000           
                       7                  8                  9          
XE(  1) 5s           0.0000             0.0000             0.0000           
XE(  1) 5px          0.0000             0.0000             0.0000           
XE(  1) 5py          0.0853             0.0000             0.0000           
XE(  1) 5pz          0.0000             0.0566             0.0000           
 F(  2) 2s           0.0000             0.0000             0.0000           
 F(  2) 2px          0.0002             0.0000             0.0000           
 F(  2) 2py          0.0579             0.0000             0.2500           
 F(  2) 2pz          0.0000             0.2359             0.0000           
 F(  3) 2s           0.0000             0.0000             0.0000           
 F(  3) 2px          0.0002             0.0000             0.0000           
 F(  3) 2py          0.0579             0.0000             0.2500           
 F(  3) 2pz          0.0000             0.2359             0.0000           
 F(  4) 2s           0.0021             0.0000             0.0000           
 F(  4) 2px          0.0000             0.0000             0.2500           
 F(  4) 2py          0.3972             0.0000             0.0000           
 F(  4) 2pz          0.0000             0.2359             0.0000           
 F(  5) 2s           0.0021             0.0000             0.0000           
 F(  5) 2px          0.0000             0.0000             0.2500           
 F(  5) 2py          0.3972             0.0000             0.0000           
 F(  5) 2pz          0.0000             0.2359             0.0000           
                       10                 11                 12         
XE(  1) 5s           0.0000             0.0000             0.0000           
XE(  1) 5px          0.0000             0.0000             0.0000           
XE(  1) 5py          0.0000             0.0000             0.0000           
XE(  1) 5pz          0.0000             0.0000             0.0000           
 F(  2) 2s           0.0000             0.0000             0.0000           
 F(  2) 2px          0.0000             0.0000             0.0000           
 F(  2) 2py          0.0000             0.0000             0.0000           
 F(  2) 2pz          0.0041             0.4959             0.2500           
 F(  3) 2s           0.0000             0.0000             0.0000           
 F(  3) 2px          0.0000             0.0000             0.0000           
 F(  3) 2py          0.0000             0.0000             0.0000           
 F(  3) 2pz          0.0041             0.4959             0.2500           
 F(  4) 2s           0.0000             0.0000             0.0000           
 F(  4) 2px          0.0000             0.0000             0.0000           
 F(  4) 2py          0.0000             0.0000             0.0000           
 F(  4) 2pz          0.4959             0.0041             0.2500           
 F(  5) 2s           0.0000             0.0000             0.0000           
 F(  5) 2px          0.0000             0.0000             0.0000           
 F(  5) 2py          0.0000             0.0000             0.0000           
 F(  5) 2pz          0.4959             0.0041             0.2500           
                       13                 14                 15         
XE(  1) 5s           0.0000             0.0000             0.0000           
XE(  1) 5px          0.0010             0.0000             0.0000           
XE(  1) 5py          0.0000             0.0010             0.0000           
XE(  1) 5pz          0.0000             0.0000             0.0000           
 F(  2) 2s           0.0000             0.0000             0.0000           
 F(  2) 2px          0.0583             0.0019             0.0000           
 F(  2) 2py          0.0137             0.4255             0.2500           
 F(  2) 2pz          0.0000             0.0000             0.0000           
 F(  3) 2s           0.0000             0.0000             0.0000           
 F(  3) 2px          0.0583             0.0019             0.0000           
 F(  3) 2py          0.0137             0.4255             0.2500           
 F(  3) 2pz          0.0000             0.0000             0.0000           
 F(  4) 2s           0.0000             0.0000             0.0000           
 F(  4) 2px          0.4255             0.0137             0.2500           
 F(  4) 2py          0.0019             0.0583             0.0000           
 F(  4) 2pz          0.0000             0.0000             0.0000           
 F(  5) 2s           0.0000             0.0000             0.0000           
 F(  5) 2px          0.4255             0.0137             0.2500           
 F(  5) 2py          0.0019             0.0583             0.0000           
 F(  5) 2pz          0.0000             0.0000             0.0000           
                       16                 17                 18         
XE(  1) 5s           0.0000             0.0000             0.5215           
XE(  1) 5px          0.0000             0.0000             0.0000           
XE(  1) 5py          0.0000             0.0000             0.0000           
XE(  1) 5pz          0.0000             0.9434             0.0000           
 F(  2) 2s           0.0000             0.0000             0.0102           
 F(  2) 2px          0.2500             0.0000             0.1095           
 F(  2) 2py          0.0000             0.0000             0.0000           
 F(  2) 2pz          0.0000             0.0141             0.0000           
 F(  3) 2s           0.0000             0.0000             0.0102           
 F(  3) 2px          0.2500             0.0000             0.1095           
 F(  3) 2py          0.0000             0.0000             0.0000           
 F(  3) 2pz          0.0000             0.0141             0.0000           
 F(  4) 2s           0.0000             0.0000             0.0102           
 F(  4) 2px          0.0000             0.0000             0.0000           
 F(  4) 2py          0.2500             0.0000             0.1095           
 F(  4) 2pz          0.0000             0.0141             0.0000           
 F(  5) 2s           0.0000             0.0000             0.0102           
 F(  5) 2px          0.0000             0.0000             0.0000           
 F(  5) 2py          0.2500             0.0000             0.1095           
 F(  5) 2pz          0.0000             0.0141             0.0000           
                       19                 20         
XE(  1) 5s           0.0000             0.0000           
XE(  1) 5px          0.2101             0.6412           
XE(  1) 5py          0.6412             0.2101           
XE(  1) 5pz          0.0000             0.0000           
 F(  2) 2s           0.0071             0.0217           
 F(  2) 2px          0.0105             0.0321           
 F(  2) 2py          0.0022             0.0007           
 F(  2) 2pz          0.0000             0.0000           
 F(  3) 2s           0.0071             0.0217           
 F(  3) 2px          0.0105             0.0321           
 F(  3) 2py          0.0022             0.0007           
 F(  3) 2pz          0.0000             0.0000           
 F(  4) 2s           0.0217             0.0071           
 F(  4) 2px          0.0007             0.0022           
 F(  4) 2py          0.0321             0.0105           
 F(  4) 2pz          0.0000             0.0000           
 F(  5) 2s           0.0217             0.0071           
 F(  5) 2px          0.0007             0.0022           
 F(  5) 2py          0.0321             0.0105           
 F(  5) 2pz          0.0000             0.0000           



;	 Wavefunctions in FMO basis 
       1        2        3        4        5        6        7     
   1  -0.1831   0.0000   0.0000   0.0000   0.5803   0.0000   0.0000
   2   0.0000  -0.0247  -0.1318   0.0000   0.0000  -0.1887  -0.0038
   3   0.0000   0.1318  -0.0247   0.0000   0.0000  -0.0038   0.1887
   4   0.0000   0.0000   0.0000   0.0000   0.0000   0.0000   0.0000
   5   0.9386   0.0000   0.0000   0.0000   0.2689   0.0000   0.0000
   6   0.0000  -0.9257   0.1887   0.0000   0.0000  -0.0038   0.1041
   7   0.0000  -0.1887  -0.9257   0.0000   0.0000   0.1041   0.0038
   8   0.0000   0.0000   0.0000  -1.0000   0.0000   0.0000   0.0000
   9   0.0000   0.0000   0.0000   0.0000   0.0000   0.0000   0.0000
  10   0.0144   0.0000   0.0000   0.0000   0.6780   0.0000   0.0000
  11   0.0000   0.0228  -0.0065   0.0000   0.0000   0.0947  -0.8402
  12   0.0000  -0.0065  -0.0228   0.0000   0.0000   0.8402   0.0947
  13   0.0000   0.0000   0.0000   0.0000   0.0000   0.0000   0.0000
  14   0.0000   0.0000   0.0000   0.0000   0.0000   0.0000   0.0000
  15   0.0000   0.0000   0.0000   0.0000   0.0000   0.0000   0.0000
  16   0.0000   0.0000   0.0000   0.0000   0.0000   0.0000   0.0000
  17   0.0000   0.0122  -0.0006   0.0000   0.0000  -0.0422  -0.3707
  18   0.0000  -0.0006  -0.0122   0.0000   0.0000   0.3707  -0.0422
  19   0.0000   0.0000   0.0000   0.0000   0.0000   0.0000   0.0000
  20   0.0000   0.0000   0.0000   0.0000   0.0000   0.0000   0.0000
       8        9        10       11       12       13       14    
   1   0.0000   0.0000   0.0000   0.0000   0.0000   0.0000   0.0000
   2   0.0000   0.0000   0.0000   0.0000   0.0000   0.0244   0.0044
   3   0.0000   0.0000   0.0000   0.0000   0.0000   0.0044  -0.0244
   4   0.1815   0.0000   0.0000   0.0000   0.0000   0.0000   0.0000
   5   0.0000   0.0000   0.0000   0.0000   0.0000   0.0000   0.0000
   6   0.0000   0.0000   0.0000   0.0000   0.0000   0.0026  -0.0133
   7   0.0000   0.0000   0.0000   0.0000   0.0000  -0.0133  -0.0026
   8   0.0000   0.0000   0.0000   0.0000   0.0000   0.0000   0.0000
   9   0.0000  -1.0000   0.0000   0.0000   0.0000   0.0000   0.0000
  10   0.0000   0.0000   0.0000   0.0000   0.0000   0.0000   0.0000
  11   0.0000   0.0000   0.0000   0.0000   0.0000   0.1117  -0.4040
  12   0.0000   0.0000   0.0000   0.0000   0.0000   0.4040   0.1117
  13  -0.9591   0.0000   0.0000   0.0000   0.0000   0.0000   0.0000
  14   0.0000   0.0000  -0.0728   0.9973   0.0000   0.0000   0.0000
  15   0.0000   0.0000   0.9973   0.0728   0.0000   0.0000   0.0000
  16   0.0000   0.0000   0.0000   0.0000  -1.0000   0.0000   0.0000
  17   0.0000   0.0000   0.0000   0.0000   0.0000  -0.0400   0.9061
  18   0.0000   0.0000   0.0000   0.0000   0.0000  -0.9061  -0.0400
  19   0.0000   0.0000   0.0000   0.0000   0.0000   0.0000   0.0000
  20   0.0000   0.0000   0.0000   0.0000   0.0000   0.0000   0.0000
       15       16       17       18       19       20    
   1   0.0000   0.0000   0.0000   0.8864   0.0000   0.0000
   2   0.0000   0.0000   0.0000   0.0000   0.5564  -0.9719
   3   0.0000   0.0000   0.0000   0.0000  -0.9719  -0.5564
   4   0.0000   0.0000   0.9929   0.0000   0.0000   0.0000
   5   0.0000   0.0000   0.0000   0.3469   0.0000   0.0000
   6   0.0000   0.0000   0.0000   0.0000  -0.4426  -0.2630
   7   0.0000   0.0000   0.0000   0.0000  -0.2630   0.4426
   8   0.0000   0.0000   0.0000   0.0000   0.0000   0.0000
   9   0.0000   0.0000   0.0000   0.0000   0.0000   0.0000
  10   0.0000   0.0000   0.0000  -0.7889   0.0000   0.0000
  11   0.0000   0.0000   0.0000   0.0000  -0.3804  -0.2669
  12   0.0000   0.0000   0.0000   0.0000   0.2669  -0.3804
  13   0.0000   0.0000   0.3145   0.0000   0.0000   0.0000
  14   0.0000   0.0000   0.0000   0.0000   0.0000   0.0000
  15   0.0000   0.0000   0.0000   0.0000   0.0000   0.0000
  16   0.0000   0.0000   0.0000   0.0000   0.0000   0.0000
  17   0.0000   0.0000   0.0000   0.0000  -0.2458  -0.1000
  18   0.0000   0.0000   0.0000   0.0000   0.1000  -0.2458
  19   1.0000   0.0000   0.0000   0.0000   0.0000   0.0000
  20   0.0000  -1.0000   0.0000   0.0000   0.0000   0.0000





; 	q-q-q-q-q-q-q-q  Mulliken Analysis in FMO basis q-q-q-q-q-q-q-q

;    FMO Mulliken Overlap Population Matrix for 36.000 electrons:
       1        2        3        4        5        6        7     
   1   2.3118   0.0000   0.0000   0.0000  -0.2944   0.0000   0.0000
   2   0.0000   0.1084   0.0000   0.0000   0.0000   0.0000   0.1532
   3   0.0000   0.0000   0.1084   0.0000   0.0000   0.1532   0.0000
   4   0.0000   0.0000   0.0000   2.0375   0.0000   0.0000   0.0000
   5  -0.2944   0.0000   0.0000   0.0000   2.1472   0.0000   0.0000
   6   0.0000   0.0000   0.1532   0.0000   0.0000   1.8073   0.0000
   7   0.0000   0.1532   0.0000   0.0000   0.0000   0.0000   1.8073
   8   0.0000   0.0000   0.0000   0.0000   0.0000   0.0000   0.0000
   9   0.0000   0.0000   0.0000   0.0000   0.0000   0.0000   0.0000
  10  -0.3293   0.0000   0.0000   0.0000   0.0000   0.0000   0.0000
  11   0.0000   0.0014   0.1657   0.0000   0.0000   0.0000   0.0000
  12   0.0000   0.1657   0.0014   0.0000   0.0000   0.0000   0.0000
  13   0.0000   0.0000   0.0000  -0.0750   0.0000   0.0000   0.0000
  14   0.0000   0.0000   0.0000   0.0000   0.0000   0.0000   0.0000
  15   0.0000   0.0000   0.0000   0.0000   0.0000   0.0000   0.0000
  16   0.0000   0.0000   0.0000   0.0000   0.0000   0.0000   0.0000
  17   0.0000   0.0010   0.0564   0.0000   0.0000   0.0000   0.0000
  18   0.0000   0.0564   0.0010   0.0000   0.0000   0.0000   0.0000
  19   0.0000   0.0000   0.0000   0.0000   0.0000   0.0000   0.0000
  20   0.0000   0.0000   0.0000   0.0000   0.0000   0.0000   0.0000
       8        9        10       11       12       13       14    
   1   0.0000   0.0000  -0.3293   0.0000   0.0000   0.0000   0.0000
   2   0.0000   0.0000   0.0000   0.0014   0.1657   0.0000   0.0000
   3   0.0000   0.0000   0.0000   0.1657   0.0014   0.0000   0.0000
   4   0.0000   0.0000   0.0000   0.0000   0.0000  -0.0750   0.0000
   5   0.0000   0.0000   0.0000   0.0000   0.0000   0.0000   0.0000
   6   0.0000   0.0000   0.0000   0.0000   0.0000   0.0000   0.0000
   7   0.0000   0.0000   0.0000   0.0000   0.0000   0.0000   0.0000
   8   2.0000   0.0000   0.0000   0.0000   0.0000   0.0000   0.0000
   9   0.0000   2.0000   0.0000   0.0000   0.0000   0.0000   0.0000
  10   0.0000   0.0000   2.1646   0.0000   0.0000   0.0000   0.0000
  11   0.0000   0.0000   0.0000   1.7823   0.0000   0.0000   0.0000
  12   0.0000   0.0000   0.0000   0.0000   1.7823   0.0000   0.0000
  13   0.0000   0.0000   0.0000   0.0000   0.0000   2.0375   0.0000
  14   0.0000   0.0000   0.0000   0.0000   0.0000   0.0000   2.0000
  15   0.0000   0.0000   0.0000   0.0000   0.0000   0.0000   0.0000
  16   0.0000   0.0000   0.0000   0.0000   0.0000   0.0000   0.0000
  17   0.0000   0.0000   0.0000   0.0000   0.0000   0.0000   0.0000
  18   0.0000   0.0000   0.0000   0.0000   0.0000   0.0000   0.0000
  19   0.0000   0.0000   0.0000   0.0000   0.0000   0.0000   0.0000
  20   0.0000   0.0000   0.0000   0.0000   0.0000   0.0000   0.0000
       15       16       17       18       19       20    
   1   0.0000   0.0000   0.0000   0.0000   0.0000   0.0000
   2   0.0000   0.0000   0.0010   0.0564   0.0000   0.0000
   3   0.0000   0.0000   0.0564   0.0010   0.0000   0.0000
   4   0.0000   0.0000   0.0000   0.0000   0.0000   0.0000
   5   0.0000   0.0000   0.0000   0.0000   0.0000   0.0000
   6   0.0000   0.0000   0.0000   0.0000   0.0000   0.0000
   7   0.0000   0.0000   0.0000   0.0000   0.0000   0.0000
   8   0.0000   0.0000   0.0000   0.0000   0.0000   0.0000
   9   0.0000   0.0000   0.0000   0.0000   0.0000   0.0000
  10   0.0000   0.0000   0.0000   0.0000   0.0000   0.0000
  11   0.0000   0.0000   0.0000   0.0000   0.0000   0.0000
  12   0.0000   0.0000   0.0000   0.0000   0.0000   0.0000
  13   0.0000   0.0000   0.0000   0.0000   0.0000   0.0000
  14   0.0000   0.0000   0.0000   0.0000   0.0000   0.0000
  15   2.0000   0.0000   0.0000   0.0000   0.0000   0.0000
  16   0.0000   2.0000   0.0000   0.0000   0.0000   0.0000
  17   0.0000   0.0000   1.9240   0.0000   0.0000   0.0000
  18   0.0000   0.0000   0.0000   1.9240   0.0000   0.0000
  19   0.0000   0.0000   0.0000   0.0000   2.0000   0.0000
  20   0.0000   0.0000   0.0000   0.0000   0.0000   2.0000



;   Reduced FMO Mulliken Overlap Population Matrix for 36.000 electrons:

               1        2     
   1        4.5662   
   2        0.0571      31.3767  


# 	q-F-q-F-q-F-q-F  Charge Matrix in FMO basis F-q-F-q-F-q-F-q
;  Complete FMO Charge Matrix Independant of Occupation <normalized to 2 electrons>
       1        2        3        4        5        6        7     
   1   0.0762   0.0000   0.0000   0.0000   0.4023   0.0000   0.0000
   2   0.0000   0.0021   0.0602   0.0000   0.0000   0.0853   0.0000
   3   0.0000   0.0602   0.0021   0.0000   0.0000   0.0000   0.0853
   4   0.0000   0.0000   0.0000   0.0000   0.0000   0.0000   0.0000
   5   0.9243   0.0000   0.0000   0.0000   0.0329   0.0000   0.0000
   6   0.0000   0.9007   0.0374   0.0000   0.0000   0.0000   0.0038
   7   0.0000   0.0374   0.9007   0.0000   0.0000   0.0038   0.0000
   8   0.0000   0.0000   0.0000   1.0000   0.0000   0.0000   0.0000
   9   0.0000   0.0000   0.0000   0.0000   0.0000   0.0000   0.0000
  10  -0.0005   0.0000   0.0000   0.0000   0.5647   0.0000   0.0000
  11   0.0000  -0.0003  -0.0000   0.0000   0.0000   0.0095   0.7511
  12   0.0000  -0.0000  -0.0003   0.0000   0.0000   0.7511   0.0095
  13   0.0000   0.0000   0.0000   0.0000   0.0000   0.0000   0.0000
  14   0.0000   0.0000   0.0000   0.0000   0.0000   0.0000   0.0000
  15   0.0000   0.0000   0.0000   0.0000   0.0000   0.0000   0.0000
  16   0.0000   0.0000   0.0000   0.0000   0.0000   0.0000   0.0000
  17   0.0000  -0.0001   0.0000   0.0000   0.0000   0.0019   0.1484
  18   0.0000   0.0000  -0.0001   0.0000   0.0000   0.1484   0.0019
  19   0.0000   0.0000   0.0000   0.0000   0.0000   0.0000   0.0000
  20   0.0000   0.0000   0.0000   0.0000   0.0000   0.0000   0.0000
       8        9        10       11       12       13       14    
   1   0.0000   0.0000   0.0000   0.0000   0.0000   0.0000   0.0000
   2   0.0000   0.0000   0.0000   0.0000   0.0000   0.0010   0.0000
   3   0.0000   0.0000   0.0000   0.0000   0.0000   0.0000   0.0010
   4   0.0566   0.0000   0.0000   0.0000   0.0000   0.0000   0.0000
   5   0.0000   0.0000   0.0000   0.0000   0.0000   0.0000   0.0000
   6   0.0000   0.0000   0.0000   0.0000   0.0000   0.0000   0.0001
   7   0.0000   0.0000   0.0000   0.0000   0.0000   0.0001   0.0000
   8   0.0000   0.0000   0.0000   0.0000   0.0000   0.0000   0.0000
   9   0.0000   1.0000   0.0000   0.0000   0.0000   0.0000   0.0000
  10   0.0000   0.0000   0.0000   0.0000   0.0000   0.0000   0.0000
  11   0.0000   0.0000   0.0000   0.0000   0.0000   0.0123   0.1604
  12   0.0000   0.0000   0.0000   0.0000   0.0000   0.1604   0.0123
  13   0.9434   0.0000   0.0000   0.0000   0.0000   0.0000   0.0000
  14   0.0000   0.0000   0.0053   0.9947   0.0000   0.0000   0.0000
  15   0.0000   0.0000   0.9947   0.0053   0.0000   0.0000   0.0000
  16   0.0000   0.0000   0.0000   0.0000   1.0000   0.0000   0.0000
  17   0.0000   0.0000   0.0000   0.0000   0.0000   0.0016   0.8246
  18   0.0000   0.0000   0.0000   0.0000   0.0000   0.8246   0.0016
  19   0.0000   0.0000   0.0000   0.0000   0.0000   0.0000   0.0000
  20   0.0000   0.0000   0.0000   0.0000   0.0000   0.0000   0.0000
       15       16       17       18       19       20    
   1   0.0000   0.0000   0.0000   0.5215   0.0000   0.0000
   2   0.0000   0.0000   0.0000   0.0000   0.2101   0.6412
   3   0.0000   0.0000   0.0000   0.0000   0.6412   0.2101
   4   0.0000   0.0000   0.9434   0.0000   0.0000   0.0000
   5   0.0000   0.0000   0.0000   0.0427   0.0000   0.0000
   6   0.0000   0.0000   0.0000   0.0000   0.0429   0.0151
   7   0.0000   0.0000   0.0000   0.0000   0.0151   0.0429
   8   0.0000   0.0000   0.0000   0.0000   0.0000   0.0000
   9   0.0000   0.0000   0.0000   0.0000   0.0000   0.0000
  10   0.0000   0.0000   0.0000   0.4358   0.0000   0.0000
  11   0.0000   0.0000   0.0000   0.0000   0.0449   0.0221
  12   0.0000   0.0000   0.0000   0.0000   0.0221   0.0449
  13   0.0000   0.0000   0.0566   0.0000   0.0000   0.0000
  14   0.0000   0.0000   0.0000   0.0000   0.0000   0.0000
  15   0.0000   0.0000   0.0000   0.0000   0.0000   0.0000
  16   0.0000   0.0000   0.0000   0.0000   0.0000   0.0000
  17   0.0000   0.0000   0.0000   0.0000   0.0203   0.0034
  18   0.0000   0.0000   0.0000   0.0000   0.0034   0.0203
  19   1.0000   0.0000   0.0000   0.0000   0.0000   0.0000
  20   0.0000   1.0000   0.0000   0.0000   0.0000   0.0000




# ******** Extended Hueckel Parameters ********
;  FORMAT  quantum number orbital: Hii, <c1>, exponent1, <c2>, <exponent2>

ATOM: XE   Atomic number: 54  # Valence Electrons: 8
	5S:   -21.2100     2.8440
	5P:   -12.1300     2.4850
ATOM: F   Atomic number: 9  # Valence Electrons: 7
	2S:   -40.0000     2.4250
	2P:   -18.1000     2.4250

### TOTAL DENSITY OF STATES 
40 states are present.
#BEGIN CURVE
1.000000 -40.962917
2.000000 -40.553066
1.000000 -39.785934
1.000000 -21.199568
2.000000 -18.704800
1.000000 -18.347122
1.000000 -18.216892
2.000000 -18.099817
1.000000 -18.075935
2.000000 -18.043217
2.000000 -17.980686
1.000000 -11.461263
1.000000 -11.344305
2.000000 0.835790
#END CURVE
# END OF DOS

# COOP (Crystal Orbital Overlap Population) results
1 curves will be generated.
; Contributions to this COOP are: 
; COOP between atoms 1 and 2 in cell: ( 0 0 0 ).
; COOP between atoms 1 and 5 in cell: ( 0 0 0 ).
; COOP between atoms 1 and 4 in cell: ( 0 0 0 ).
; COOP between atoms 1 and 3 in cell: ( 0 0 0 ).
#BEGIN CURVE
0.0426594 -40.9629
0.0886801 -40.5531
-1.47911e-31 -39.7859
0.0656207 -21.1996
0.0993649 -18.7048
0.0236174 -18.3471
1.75522e-29 -18.2169
1.9475e-30 -18.0998
1.92285e-30 -18.0759
0.000889003 -18.0432
-1.60237e-29 -17.9807
-0.0423609 -11.4613
-0.264197 -11.3443
-0.805488 0.83579
#END CURVE

;  The Fermi Level was determined for 1 K points based on
;     an ordering of 20 crystal orbitals occupied by 36.000000 electrons
;      in the unit cell (36.000000 electrons total)
#Fermi_Energy:  -11.344305
#Average Energy:  -812.312883 eV

# Atomic Orbital Occupations
;        s      px      py      pz    dx2-y2    dz2     dxy     dxz     dyz
1 XE  2.0000  0.2974  0.2974  2.0000  0.0000  0.0000  0.0000  0.0000  0.0000 
2 F  1.9423  1.9148  1.9943  2.0000  0.0000  0.0000  0.0000  0.0000  0.0000 
3 F  1.9423  1.9148  1.9943  2.0000  0.0000  0.0000  0.0000  0.0000  0.0000 
4 F  1.9423  1.9943  1.9148  2.0000  0.0000  0.0000  0.0000  0.0000  0.0000 
5 F  1.9423  1.9943  1.9148  2.0000  0.0000  0.0000  0.0000  0.0000  0.0000 

# AVERAGE NET CHARGES
1 XE 3.405240
2 F -0.851310
3 F -0.851310
4 F -0.851310
5 F -0.851310
There are a total of 36.000000 electrons.
# Fragment MO Occupations
;Fragment: 1
1  2.0000
2  0.2974
3  0.2974
4  2.0000
;Fragment: 2
1  2.0000
2  1.8840
3  1.8840
4  2.0000
5  2.0000
6  2.0000
7  1.8659
8  1.8659
9  2.0000
10  2.0000
11  2.0000
12  2.0000
13  1.9527
14  1.9527
15  2.0000
16  2.0000

# AVERAGE FRAGMENT NET CHARGES (Based upon user supplied number of electrons)
1 -0.5948
2  0.5948

; Average Values of COOP's
(1) Between atoms XE1 and F2: 0.014274
